<?xml version="1.0" encoding="UTF-8"?>
<!-- Generated by org.testng.reporters.JUnitXMLReporter -->
<testsuite hostname="RAJESH-PC" ignored="0" name="Default test" tests="4" failures="0" timestamp="13 Oct 2019 07:24:54 GMT" time="14.148" errors="0">
  <testcase name="TestCase1_verifyTitle" time="0.068" classname="com.vtiger.tests.loginTest"/>
  <testcase name="TestCase2_verifyLogo" time="0.136" classname="com.vtiger.tests.loginTest"/>
  <testcase name="TestCase3_InvalidLogin" time="1.105" classname="com.vtiger.tests.loginTest"/>
  <testcase name="TestCase4_Login" time="7.515" classname="com.vtiger.tests.loginTest"/>
</testsuite> <!-- Default test -->
