<?xml version="1.0" encoding="UTF-8"?>
<!-- Generated by org.testng.reporters.JUnitXMLReporter -->
<testsuite hostname="RAJESH-PC" ignored="0" name="Test" tests="5" failures="1" timestamp="19 Oct 2019 06:43:44 GMT" time="59.65" errors="0">
  <testcase name="TestCase1_verifyTitle" time="0.227" classname="com.vtiger.tests.loginTest">
    <failure type="java.lang.AssertionError" message="expected [true] but found [false]">
      <![CDATA[java.lang.AssertionError: expected [true] but found [false]
at com.vtiger.tests.loginTest.TestCase1_verifyTitle(loginTest.java:36)
... Removed 31 stack frames]]>
    </failure>
  </testcase> <!-- TestCase1_verifyTitle -->
  <testcase name="TestCase2_verifyLogo" time="0.564" classname="com.vtiger.tests.loginTest"/>
  <testcase name="TestCase3_InvalidLogin" time="7.061" classname="com.vtiger.tests.loginTest"/>
  <testcase name="TestCase4_Login" time="15.19" classname="com.vtiger.tests.loginTest"/>
  <testcase name="TestCase4_leadcreation" time="20.705" classname="com.vtiger.tests.E2E"/>
</testsuite> <!-- Test -->
