<?xml version="1.0" encoding="UTF-8"?>
<!-- Generated by org.testng.reporters.JUnitXMLReporter -->
<testsuite hostname="RAJESH-PC" ignored="3" name="Test(failed)" tests="1" failures="1" timestamp="19 Oct 2019 06:15:27 GMT" time="8.468" errors="0">
  <testcase name="TestCase1_verifyTitle" time="0.033" classname="com.vtiger.tests.loginTest">
    <failure type="java.lang.AssertionError" message="expected [true] but found [false]">
      <![CDATA[java.lang.AssertionError: expected [true] but found [false]
at com.vtiger.tests.loginTest.TestCase1_verifyTitle(loginTest.java:36)
... Removed 31 stack frames]]>
    </failure>
  </testcase> <!-- TestCase1_verifyTitle -->
  <testcase name="TestCase2_verifyLogo" time="0.0" classname="com.vtiger.tests.loginTest">
    <ignored/>
  </testcase> <!-- TestCase2_verifyLogo -->
  <testcase name="TestCase3_InvalidLogin" time="0.0" classname="com.vtiger.tests.loginTest">
    <ignored/>
  </testcase> <!-- TestCase3_InvalidLogin -->
  <testcase name="TestCase4_Login" time="0.0" classname="com.vtiger.tests.loginTest">
    <ignored/>
  </testcase> <!-- TestCase4_Login -->
</testsuite> <!-- Test(failed) -->
